2015-11-12 12:59:49 [ main:0 ] - [ INFO ] pathName===com.cucrz.idss.hadoop.etl.mapreduce.in.path.fujiandianxin.fujiandianxin
 2015-11-12 12:59:49 [ main:2 ] - [ INFO ] dcOpen===true
 2015-11-12 12:59:49 [ main:3 ] - [ INFO ] inputDateID===20151003
 2015-11-12 12:59:49 [ main:3 ] - [ INFO ] propertyPath===cucrz/data/cache/
 2015-11-12 12:59:49 [ main:4 ] - [ INFO ] operatorID===1302
 2015-11-12 12:59:49 [ main:4 ] - [ INFO ] operatorName===com.cucrz.idss.hadoop.etl.mapreduce.map.impl.fujiandianxin.ETLMapper
 2015-11-12 12:59:50 [ main:912 ] - [ INFO ] idss_ETL_Cache_LookBackList===lookback.txt
 2015-11-12 12:59:50 [ main:913 ] - [ INFO ] idss_ETL_Cache_NameToUniqueChannel===col.txt
 2015-11-12 12:59:50 [ main:913 ] - [ INFO ] idss_ETL_Cache_OriginalChannelToUniqueChannel===ods.txt
 2015-11-12 12:59:50 [ main:914 ] - [ INFO ] idss_ETL_Cache_SampleListFilePath===sampleUser.txt
 2015-11-12 12:59:50 [ main:914 ] - [ INFO ] idss_ETL_Cache_TVApp===tvapp.txt
 2015-11-12 12:59:50 [ main:914 ] - [ INFO ] idss_ETL_Cache_UniqueRegionList===region.txt
 2015-11-12 12:59:50 [ main:916 ] - [ INFO ] idss_ETL_Cache_UserListFilePath===userList.txt
 2015-11-12 12:59:50 [ main:916 ] - [ INFO ] idss_ETL_Cache_VODInfoList===vodInfo.txt
 2015-11-12 12:59:50 [ main:916 ] - [ INFO ] idss_ETL_Form_Event1===2|true|com.cucrz.idss.hadoop.etl.mapreduce.out.form.event1
 2015-11-12 12:59:50 [ main:917 ] - [ INFO ] idss_ETL_Form_Event2===3|true|com.cucrz.idss.hadoop.etl.mapreduce.out.form.event2
 2015-11-12 12:59:50 [ main:919 ] - [ INFO ] idss_ETL_Form_Hive===1|true|com.cucrz.idss.hadoop.etl.mapreduce.out.form.hiveEvent
 2015-11-12 12:59:50 [ main:920 ] - [ INFO ] idss_ETL_Form_Source===0|true|com.cucrz.idss.hadoop.etl.mapreduce.out.form.source
 2015-11-12 12:59:50 [ main:920 ] - [ INFO ] idss_ETL_Mysql_password===test
 2015-11-12 12:59:50 [ main:933 ] - [ INFO ] idss_ETL_Mysql_url===jdbc:mysql://192.168.20.208:3306/idsscs_datamart_sx
 2015-11-12 12:59:50 [ main:933 ] - [ INFO ] idss_ETL_Mysql_username===root
 2015-11-12 12:59:50 [ main:933 ] - [ INFO ] idss_ETL_NOCHANNEL_INTERVAL_TIME===5
 2015-11-12 12:59:50 [ main:934 ] - [ INFO ] idss_ETL_NewChannel===true
 2015-11-12 12:59:50 [ main:934 ] - [ INFO ] idss_ETL_NewCloumn===true
 2015-11-12 12:59:50 [ main:935 ] - [ INFO ] idss_ETL_NewUserList===true
 2015-11-12 12:59:50 [ main:935 ] - [ INFO ] idss_ETL_POWER_OFF_POSTPONED_TIME===9000
 2015-11-12 12:59:50 [ main:937 ] - [ INFO ] idss_ETL_POWER_ONOFF_INTERVAL_TIME===18000
 2015-11-12 12:59:50 [ main:937 ] - [ INFO ] idss_ETL_POWER_ON_SUB_TIME===15
 2015-11-12 12:59:50 [ main:937 ] - [ INFO ] idss_ETL_Path_Self===false
 2015-11-12 12:59:50 [ main:937 ] - [ INFO ] idss_ETL_Rule_BaseData===false
 2015-11-12 12:59:50 [ main:942 ] - [ INFO ] idss_ETL_Rule_FindNewBaseData===9|false|com.cucrz.idss.hadoop.etl.mapreduce.rules.NewBaseData
 2015-11-12 12:59:50 [ main:942 ] - [ INFO ] idss_ETL_Rule_LoseHeartBeat===3|true|com.cucrz.idss.hadoop.etl.mapreduce.rules.LoseHeartBeat
 2015-11-12 12:59:50 [ main:942 ] - [ INFO ] idss_ETL_Rule_MergeSameEvent===1|true|com.cucrz.idss.hadoop.etl.mapreduce.rules.MergeSameEvent
 2015-11-12 12:59:50 [ main:945 ] - [ INFO ] idss_ETL_Rule_NoChannel===4|true|com.cucrz.idss.hadoop.etl.mapreduce.rules.NoChannel
 2015-11-12 12:59:50 [ main:945 ] - [ INFO ] idss_ETL_Rule_OC===2|true|com.cucrz.idss.hadoop.etl.mapreduce.rules.AddOCEvent
 2015-11-12 12:59:50 [ main:946 ] - [ INFO ] idss_ETL_Rule_SampleUser===false
 2015-11-12 12:59:50 [ main:946 ] - [ INFO ] idss_ETL_SAME_EVENT_MERGE_TIME===900
 2015-11-12 12:59:50 [ main:946 ] - [ INFO ] idss_ETL_VODInfoList_Separator===,
 2015-11-12 12:59:50 [ main:946 ] - [ INFO ] preCachePath===/cucrz/data/cache/
 2015-11-12 12:59:50 [ main:946 ] - [ INFO ] preJarPath===/user/oozie/test/lib/
 2015-11-12 12:59:50 [ main:946 ] - [ INFO ] prefixDataPath===cucrz/data
 2015-11-12 12:59:50 [ main:946 ] - [ INFO ] prefixOutputPath===/cucrz/output/all
 2015-11-12 12:59:50 [ main:947 ] - [ INFO ] mapred.reduce.tasks is deprecated. Instead, use mapreduce.job.reduces
 2015-11-12 12:59:50 [ main:1303 ] - [ INFO ] session.id is deprecated. Instead, use dfs.metrics.session-id
 2015-11-12 12:59:50 [ main:1303 ] - [ INFO ] Initializing JVM Metrics with processName=JobTracker, sessionId=
 2015-11-12 12:59:51 [ main:1616 ] - [ WARN ] Hadoop command-line option parsing not performed. Implement the Tool interface and execute your application with ToolRunner to remedy this.
 2015-11-12 12:59:51 [ main:1616 ] - [ WARN ] No job jar file set.  User classes may not be found. See Job or Job#setJar(String).
 2015-11-12 12:59:51 [ main:1959 ] - [ INFO ] Total input paths to process : 2
 2015-11-12 12:59:51 [ main:1999 ] - [ INFO ] number of splits:3
 2015-11-12 12:59:51 [ main:1999 ] - [ INFO ] mapred.job.name is deprecated. Instead, use mapreduce.job.name
 2015-11-12 12:59:51 [ main:1999 ] - [ INFO ] mapred.cache.files.timestamps is deprecated. Instead, use mapreduce.job.cache.files.timestamps
 2015-11-12 12:59:51 [ main:1999 ] - [ INFO ] mapreduce.map.class is deprecated. Instead, use mapreduce.job.map.class
 2015-11-12 12:59:51 [ main:1999 ] - [ INFO ] mapreduce.reduce.class is deprecated. Instead, use mapreduce.job.reduce.class
 2015-11-12 12:59:51 [ main:1999 ] - [ INFO ] mapreduce.inputformat.class is deprecated. Instead, use mapreduce.job.inputformat.class
 2015-11-12 12:59:51 [ main:1999 ] - [ INFO ] mapred.output.value.class is deprecated. Instead, use mapreduce.job.output.value.class
 2015-11-12 12:59:51 [ main:1999 ] - [ INFO ] mapred.output.dir is deprecated. Instead, use mapreduce.output.fileoutputformat.outputdir
 2015-11-12 12:59:51 [ main:1999 ] - [ INFO ] mapred.cache.files is deprecated. Instead, use mapreduce.job.cache.files
 2015-11-12 12:59:51 [ main:1999 ] - [ INFO ] mapred.working.dir is deprecated. Instead, use mapreduce.job.working.dir
 2015-11-12 12:59:51 [ main:1999 ] - [ INFO ] mapred.map.tasks is deprecated. Instead, use mapreduce.job.maps
 2015-11-12 12:59:51 [ main:1999 ] - [ INFO ] user.name is deprecated. Instead, use mapreduce.job.user.name
 2015-11-12 12:59:51 [ main:1999 ] - [ INFO ] mapred.input.dir.formats is deprecated. Instead, use mapreduce.input.multipleinputs.dir.formats
 2015-11-12 12:59:51 [ main:1999 ] - [ INFO ] mapred.cache.files.filesizes is deprecated. Instead, use mapreduce.job.cache.files.filesizes
 2015-11-12 12:59:51 [ main:1999 ] - [ INFO ] mapred.output.key.class is deprecated. Instead, use mapreduce.job.output.key.class
 2015-11-12 12:59:51 [ main:2077 ] - [ INFO ] Submitting tokens for job: job_local579036404_0001
 2015-11-12 12:59:51 [ main:2108 ] - [ WARN ] file:/tmp/hadoop-asus/mapred/staging/asus579036404/.staging/job_local579036404_0001/job.xml:an attempt to override final parameter: mapreduce.job.end-notification.max.retry.interval;  Ignoring.
 2015-11-12 12:59:51 [ main:2108 ] - [ WARN ] file:/tmp/hadoop-asus/mapred/staging/asus579036404/.staging/job_local579036404_0001/job.xml:an attempt to override final parameter: mapreduce.job.end-notification.max.attempts;  Ignoring.
 2015-11-12 12:59:52 [ main:2452 ] - [ INFO ] Creating symlink: \tmp\hadoop-asus\mapred\local\1447304391721\idss_etl.property <- F:\workspace\ecplise for work\IDSS-MR-ETL/idss_etl.property
 2015-11-12 12:59:52 [ main:2561 ] - [ WARN ] Fail to create symbolic links on Windows. The default security settings in Windows disallow non-elevated administrators and all non-administrators from creating symbolic links. This behavior can be changed in the Local Security Policy management console
 2015-11-12 12:59:52 [ main:2561 ] - [ WARN ] Failed to create symlink: \tmp\hadoop-asus\mapred\local\1447304391721\idss_etl.property <- F:\workspace\ecplise for work\IDSS-MR-ETL/idss_etl.property
 2015-11-12 12:59:52 [ main:2561 ] - [ INFO ] Localized file:/cucrz/data/cache/1302/idss_etl.property as file:/tmp/hadoop-asus/mapred/local/1447304391721/idss_etl.property
 2015-11-12 12:59:52 [ main:2577 ] - [ INFO ] mapred.cache.localFiles is deprecated. Instead, use mapreduce.job.cache.local.files
 2015-11-12 12:59:52 [ main:2608 ] - [ WARN ] file:/tmp/hadoop-asus/mapred/local/localRunner/asus/job_local579036404_0001/job_local579036404_0001.xml:an attempt to override final parameter: mapreduce.job.end-notification.max.retry.interval;  Ignoring.
 2015-11-12 12:59:52 [ main:2624 ] - [ WARN ] file:/tmp/hadoop-asus/mapred/local/localRunner/asus/job_local579036404_0001/job_local579036404_0001.xml:an attempt to override final parameter: mapreduce.job.end-notification.max.attempts;  Ignoring.
 2015-11-12 12:59:52 [ main:2624 ] - [ INFO ] The url to track the job: http://localhost:8080/
 2015-11-12 12:59:52 [ main:2624 ] - [ INFO ] Running job: job_local579036404_0001
 2015-11-12 12:59:52 [ Thread-4:2624 ] - [ INFO ] OutputCommitter set in config null
 2015-11-12 12:59:52 [ Thread-4:2639 ] - [ INFO ] OutputCommitter is org.apache.hadoop.mapreduce.lib.output.FileOutputCommitter
 2015-11-12 12:59:52 [ Thread-4:2686 ] - [ INFO ] Waiting for map tasks
 2015-11-12 12:59:52 [ LocalJobRunner Map Task Executor #0:2702 ] - [ INFO ] Starting task: attempt_local579036404_0001_m_000000_0
 2015-11-12 12:59:52 [ LocalJobRunner Map Task Executor #0:2764 ] - [ INFO ] ProcfsBasedProcessTree currently is supported only on Linux.
 2015-11-12 12:59:52 [ LocalJobRunner Map Task Executor #0:2858 ] - [ INFO ]  Using ResourceCalculatorProcessTree : org.apache.hadoop.yarn.util.WindowsBasedProcessTree@6307e80c
 2015-11-12 12:59:52 [ LocalJobRunner Map Task Executor #0:2858 ] - [ INFO ] Processing split: file:/cucrz/data/1302/20151003/view_info.txt:0+33554432
 2015-11-12 12:59:52 [ LocalJobRunner Map Task Executor #0:2874 ] - [ INFO ] Map output collector class = org.apache.hadoop.mapred.MapTask$MapOutputBuffer
 2015-11-12 12:59:52 [ LocalJobRunner Map Task Executor #0:2920 ] - [ INFO ] (EQUATOR) 0 kvi 26214396(104857584)
 2015-11-12 12:59:52 [ LocalJobRunner Map Task Executor #0:2920 ] - [ INFO ] mapreduce.task.io.sort.mb: 100
 2015-11-12 12:59:52 [ LocalJobRunner Map Task Executor #0:2920 ] - [ INFO ] soft limit at 83886080
 2015-11-12 12:59:52 [ LocalJobRunner Map Task Executor #0:2920 ] - [ INFO ] bufstart = 0; bufvoid = 104857600
 2015-11-12 12:59:52 [ LocalJobRunner Map Task Executor #0:2920 ] - [ INFO ] kvstart = 26214396; length = 6553600
 2015-11-12 12:59:52 [ LocalJobRunner Map Task Executor #0:2920 ] - [ INFO ] 开始加载map分布式缓存！
 2015-11-12 12:59:52 [ LocalJobRunner Map Task Executor #0:2935 ] - [ INFO ] map分布式缓存加载完成！
 2015-11-12 12:59:53 [ main:3641 ] - [ INFO ] Job job_local579036404_0001 running in uber mode : false
 2015-11-12 12:59:53 [ main:3647 ] - [ INFO ]  map 0% reduce 0%
 2015-11-12 12:59:58 [ communication thread:8790 ] - [ INFO ] map > map
 2015-11-12 12:59:59 [ main:9681 ] - [ INFO ]  map 10% reduce 0%
 2015-11-12 13:00:01 [ communication thread:11814 ] - [ INFO ] map > map
 2015-11-12 13:00:02 [ main:12689 ] - [ INFO ]  map 15% reduce 0%
 2015-11-12 13:00:04 [ communication thread:14828 ] - [ INFO ] map > map
 2015-11-12 13:00:04 [ LocalJobRunner Map Task Executor #0:15391 ] - [ INFO ] 前一天文件路径---------------file:////cucrz/output/all/1302/20151002/lastEvent/
 2015-11-12 13:00:04 [ LocalJobRunner Map Task Executor #0:15391 ] - [ INFO ] map > map
 2015-11-12 13:00:04 [ LocalJobRunner Map Task Executor #0:15391 ] - [ INFO ] Starting flush of map output
 2015-11-12 13:00:04 [ LocalJobRunner Map Task Executor #0:15391 ] - [ INFO ] Spilling map output
 2015-11-12 13:00:04 [ LocalJobRunner Map Task Executor #0:15391 ] - [ INFO ] bufstart = 0; bufend = 31732709; bufvoid = 104857600
 2015-11-12 13:00:04 [ LocalJobRunner Map Task Executor #0:15391 ] - [ INFO ] kvstart = 26214396(104857584); kvend = 25182008(100728032); length = 1032389/6553600
 2015-11-12 13:00:05 [ main:15703 ] - [ INFO ]  map 21% reduce 0%
 2015-11-12 13:00:05 [ LocalJobRunner Map Task Executor #0:16188 ] - [ INFO ] Finished spill 0
 2015-11-12 13:00:05 [ LocalJobRunner Map Task Executor #0:16189 ] - [ INFO ] Task:attempt_local579036404_0001_m_000000_0 is done. And is in the process of committing
 2015-11-12 13:00:05 [ LocalJobRunner Map Task Executor #0:16189 ] - [ INFO ] map
 2015-11-12 13:00:05 [ LocalJobRunner Map Task Executor #0:16189 ] - [ INFO ] Task 'attempt_local579036404_0001_m_000000_0' done.
 2015-11-12 13:00:05 [ LocalJobRunner Map Task Executor #0:16189 ] - [ INFO ] Finishing task: attempt_local579036404_0001_m_000000_0
 2015-11-12 13:00:05 [ LocalJobRunner Map Task Executor #0:16189 ] - [ INFO ] Starting task: attempt_local579036404_0001_m_000001_0
 2015-11-12 13:00:05 [ LocalJobRunner Map Task Executor #0:16189 ] - [ INFO ] ProcfsBasedProcessTree currently is supported only on Linux.
 2015-11-12 13:00:05 [ LocalJobRunner Map Task Executor #0:16267 ] - [ INFO ]  Using ResourceCalculatorProcessTree : org.apache.hadoop.yarn.util.WindowsBasedProcessTree@2d55d5dd
 2015-11-12 13:00:05 [ LocalJobRunner Map Task Executor #0:16267 ] - [ INFO ] Processing split: file:/cucrz/data/1302/20151003/view_info.txt:33554432+30072282
 2015-11-12 13:00:05 [ LocalJobRunner Map Task Executor #0:16267 ] - [ INFO ] Map output collector class = org.apache.hadoop.mapred.MapTask$MapOutputBuffer
 2015-11-12 13:00:05 [ LocalJobRunner Map Task Executor #0:16330 ] - [ INFO ] (EQUATOR) 0 kvi 26214396(104857584)
 2015-11-12 13:00:05 [ LocalJobRunner Map Task Executor #0:16330 ] - [ INFO ] mapreduce.task.io.sort.mb: 100
 2015-11-12 13:00:05 [ LocalJobRunner Map Task Executor #0:16330 ] - [ INFO ] soft limit at 83886080
 2015-11-12 13:00:05 [ LocalJobRunner Map Task Executor #0:16330 ] - [ INFO ] bufstart = 0; bufvoid = 104857600
 2015-11-12 13:00:05 [ LocalJobRunner Map Task Executor #0:16330 ] - [ INFO ] kvstart = 26214396; length = 6553600
 2015-11-12 13:00:05 [ LocalJobRunner Map Task Executor #0:16330 ] - [ INFO ] 开始加载map分布式缓存！
 2015-11-12 13:00:05 [ LocalJobRunner Map Task Executor #0:16345 ] - [ INFO ] map分布式缓存加载完成！
 2015-11-12 13:00:06 [ main:16709 ] - [ INFO ]  map 100% reduce 0%
 2015-11-12 13:00:11 [ communication thread:22209 ] - [ INFO ] map > map
 2015-11-12 13:00:12 [ main:22748 ] - [ INFO ]  map 47% reduce 0%
 2015-11-12 13:00:14 [ communication thread:25216 ] - [ INFO ] map > map
 2015-11-12 13:00:15 [ LocalJobRunner Map Task Executor #0:25687 ] - [ INFO ] 前一天文件路径---------------file:////cucrz/output/all/1302/20151002/lastEvent/
 2015-11-12 13:00:15 [ LocalJobRunner Map Task Executor #0:25687 ] - [ INFO ] map > map
 2015-11-12 13:00:15 [ LocalJobRunner Map Task Executor #0:25687 ] - [ INFO ] Starting flush of map output
 2015-11-12 13:00:15 [ LocalJobRunner Map Task Executor #0:25687 ] - [ INFO ] Spilling map output
 2015-11-12 13:00:15 [ LocalJobRunner Map Task Executor #0:25687 ] - [ INFO ] bufstart = 0; bufend = 29198343; bufvoid = 104857600
 2015-11-12 13:00:15 [ LocalJobRunner Map Task Executor #0:25687 ] - [ INFO ] kvstart = 26214396(104857584); kvend = 25257428(101029712); length = 956969/6553600
 2015-11-12 13:00:15 [ main:25765 ] - [ INFO ]  map 54% reduce 0%
 2015-11-12 13:00:15 [ LocalJobRunner Map Task Executor #0:26140 ] - [ INFO ] Finished spill 0
 2015-11-12 13:00:15 [ LocalJobRunner Map Task Executor #0:26156 ] - [ INFO ] Task:attempt_local579036404_0001_m_000001_0 is done. And is in the process of committing
 2015-11-12 13:00:15 [ LocalJobRunner Map Task Executor #0:26156 ] - [ INFO ] map
 2015-11-12 13:00:15 [ LocalJobRunner Map Task Executor #0:26156 ] - [ INFO ] Task 'attempt_local579036404_0001_m_000001_0' done.
 2015-11-12 13:00:15 [ LocalJobRunner Map Task Executor #0:26156 ] - [ INFO ] Finishing task: attempt_local579036404_0001_m_000001_0
 2015-11-12 13:00:15 [ LocalJobRunner Map Task Executor #0:26156 ] - [ INFO ] Starting task: attempt_local579036404_0001_m_000002_0
 2015-11-12 13:00:15 [ LocalJobRunner Map Task Executor #0:26156 ] - [ INFO ] ProcfsBasedProcessTree currently is supported only on Linux.
 2015-11-12 13:00:16 [ LocalJobRunner Map Task Executor #0:26688 ] - [ INFO ]  Using ResourceCalculatorProcessTree : org.apache.hadoop.yarn.util.WindowsBasedProcessTree@267cce00
 2015-11-12 13:00:16 [ LocalJobRunner Map Task Executor #0:26690 ] - [ INFO ] Processing split: file:/cucrz/data/1302/20151003/Scheduleinfo.txt:0+527601
 2015-11-12 13:00:16 [ LocalJobRunner Map Task Executor #0:26690 ] - [ INFO ] Map output collector class = org.apache.hadoop.mapred.MapTask$MapOutputBuffer
 2015-11-12 13:00:16 [ LocalJobRunner Map Task Executor #0:26731 ] - [ INFO ] (EQUATOR) 0 kvi 26214396(104857584)
 2015-11-12 13:00:16 [ LocalJobRunner Map Task Executor #0:26731 ] - [ INFO ] mapreduce.task.io.sort.mb: 100
 2015-11-12 13:00:16 [ LocalJobRunner Map Task Executor #0:26731 ] - [ INFO ] soft limit at 83886080
 2015-11-12 13:00:16 [ LocalJobRunner Map Task Executor #0:26731 ] - [ INFO ] bufstart = 0; bufvoid = 104857600
 2015-11-12 13:00:16 [ LocalJobRunner Map Task Executor #0:26732 ] - [ INFO ] kvstart = 26214396; length = 6553600
 2015-11-12 13:00:16 [ LocalJobRunner Map Task Executor #0:26733 ] - [ INFO ] 开始加载map分布式缓存！
 2015-11-12 13:00:16 [ LocalJobRunner Map Task Executor #0:26735 ] - [ INFO ] map分布式缓存加载完成！
 2015-11-12 13:00:16 [ main:26766 ] - [ INFO ]  map 100% reduce 0%
 2015-11-12 13:00:16 [ LocalJobRunner Map Task Executor #0:26797 ] - [ INFO ] 前一天文件路径---------------file:////cucrz/output/all/1302/20151002/lastEvent/
 2015-11-12 13:00:16 [ LocalJobRunner Map Task Executor #0:26798 ] - [ INFO ] 
 2015-11-12 13:00:16 [ LocalJobRunner Map Task Executor #0:26798 ] - [ INFO ] Starting flush of map output
 2015-11-12 13:00:16 [ LocalJobRunner Map Task Executor #0:26798 ] - [ INFO ] Spilling map output
 2015-11-12 13:00:16 [ LocalJobRunner Map Task Executor #0:26798 ] - [ INFO ] bufstart = 0; bufend = 3260141; bufvoid = 104857600
 2015-11-12 13:00:16 [ LocalJobRunner Map Task Executor #0:26798 ] - [ INFO ] kvstart = 26214396(104857584); kvend = 26083372(104333488); length = 131025/6553600
 2015-11-12 13:00:16 [ LocalJobRunner Map Task Executor #0:26826 ] - [ INFO ] Finished spill 0
 2015-11-12 13:00:16 [ LocalJobRunner Map Task Executor #0:26839 ] - [ INFO ] Task:attempt_local579036404_0001_m_000002_0 is done. And is in the process of committing
 2015-11-12 13:00:16 [ LocalJobRunner Map Task Executor #0:26841 ] - [ INFO ] map
 2015-11-12 13:00:16 [ LocalJobRunner Map Task Executor #0:26841 ] - [ INFO ] Task 'attempt_local579036404_0001_m_000002_0' done.
 2015-11-12 13:00:16 [ LocalJobRunner Map Task Executor #0:26841 ] - [ INFO ] Finishing task: attempt_local579036404_0001_m_000002_0
 2015-11-12 13:00:16 [ Thread-4:26843 ] - [ INFO ] Map task executor complete.
 2015-11-12 13:00:16 [ Thread-4:26894 ] - [ INFO ] ProcfsBasedProcessTree currently is supported only on Linux.
 2015-11-12 13:00:16 [ Thread-4:27005 ] - [ INFO ]  Using ResourceCalculatorProcessTree : org.apache.hadoop.yarn.util.WindowsBasedProcessTree@e4a97b0
 2015-11-12 13:00:16 [ Thread-4:27011 ] - [ INFO ] Merging 3 sorted segments
 2015-11-12 13:00:16 [ Thread-4:27040 ] - [ INFO ] Down to the last merge-pass, with 3 segments left of total size: 65356562 bytes
 2015-11-12 13:00:16 [ Thread-4:27040 ] - [ INFO ] 
 2015-11-12 13:00:16 [ Thread-4:27052 ] - [ INFO ] mapred.skip.on is deprecated. Instead, use mapreduce.job.skiprecords
 2015-11-12 13:00:16 [ Thread-4:27062 ] - [ INFO ] 开始加载reduce分布式缓存！
 2015-11-12 13:00:16 [ Thread-4:27065 ] - [ INFO ] reduce分布式缓存加载完成！
 2015-11-12 13:00:22 [ communication thread:32903 ] - [ INFO ] reduce > reduce
 2015-11-12 13:00:23 [ main:33784 ] - [ INFO ]  map 100% reduce 68%
 2015-11-12 13:00:25 [ communication thread:35909 ] - [ INFO ] reduce > reduce
 2015-11-12 13:00:26 [ main:36797 ] - [ INFO ]  map 100% reduce 69%
 2015-11-12 13:00:28 [ communication thread:38922 ] - [ INFO ] reduce > reduce
 2015-11-12 13:00:31 [ communication thread:41935 ] - [ INFO ] reduce > reduce
 2015-11-12 13:00:32 [ main:42860 ] - [ INFO ]  map 100% reduce 70%
 2015-11-12 13:00:34 [ communication thread:44938 ] - [ INFO ] reduce > reduce
 2015-11-12 13:00:35 [ main:45862 ] - [ INFO ]  map 100% reduce 71%
 2015-11-12 13:00:37 [ communication thread:47940 ] - [ INFO ] reduce > reduce
 2015-11-12 13:00:38 [ main:48894 ] - [ INFO ]  map 100% reduce 72%
 2015-11-12 13:00:40 [ communication thread:50946 ] - [ INFO ] reduce > reduce
 2015-11-12 13:00:41 [ main:51900 ] - [ INFO ]  map 100% reduce 73%
 2015-11-12 13:00:43 [ communication thread:53947 ] - [ INFO ] reduce > reduce
 2015-11-12 13:00:44 [ main:54903 ] - [ INFO ]  map 100% reduce 74%
 2015-11-12 13:00:46 [ communication thread:56949 ] - [ INFO ] reduce > reduce
 2015-11-12 13:00:49 [ communication thread:59950 ] - [ INFO ] reduce > reduce
 2015-11-12 13:00:50 [ main:60936 ] - [ INFO ]  map 100% reduce 75%
 2015-11-12 13:00:52 [ communication thread:62952 ] - [ INFO ] reduce > reduce
 2015-11-12 13:00:53 [ main:63939 ] - [ INFO ]  map 100% reduce 76%
 2015-11-12 13:00:55 [ communication thread:65954 ] - [ INFO ] reduce > reduce
 2015-11-12 13:00:56 [ main:66968 ] - [ INFO ]  map 100% reduce 77%
 2015-11-12 13:00:58 [ communication thread:68956 ] - [ INFO ] reduce > reduce
 2015-11-12 13:00:58 [ main:68974 ] - [ INFO ]  map 100% reduce 78%
 2015-11-12 13:01:01 [ communication thread:71956 ] - [ INFO ] reduce > reduce
 2015-11-12 13:01:04 [ communication thread:74964 ] - [ INFO ] reduce > reduce
 2015-11-12 13:01:04 [ main:74997 ] - [ INFO ]  map 100% reduce 79%
 2015-11-12 13:01:07 [ communication thread:77966 ] - [ INFO ] reduce > reduce
 2015-11-12 13:01:07 [ main:78000 ] - [ INFO ]  map 100% reduce 80%
 2015-11-12 13:01:10 [ communication thread:80969 ] - [ INFO ] reduce > reduce
 2015-11-12 13:01:10 [ main:81017 ] - [ INFO ]  map 100% reduce 81%
 2015-11-12 13:01:13 [ communication thread:83984 ] - [ INFO ] reduce > reduce
 2015-11-12 13:01:13 [ main:84048 ] - [ INFO ]  map 100% reduce 82%
 2015-11-12 13:01:16 [ communication thread:86986 ] - [ INFO ] reduce > reduce
 2015-11-12 13:01:16 [ main:87077 ] - [ INFO ]  map 100% reduce 83%
 2015-11-12 13:01:19 [ communication thread:89999 ] - [ INFO ] reduce > reduce
 2015-11-12 13:01:22 [ communication thread:93000 ] - [ INFO ] reduce > reduce
 2015-11-12 13:01:22 [ main:93109 ] - [ INFO ]  map 100% reduce 84%
 2015-11-12 13:01:25 [ communication thread:96008 ] - [ INFO ] reduce > reduce
 2015-11-12 13:01:25 [ main:96120 ] - [ INFO ]  map 100% reduce 85%
 2015-11-12 13:01:28 [ communication thread:99010 ] - [ INFO ] reduce > reduce
 2015-11-12 13:01:28 [ main:99138 ] - [ INFO ]  map 100% reduce 86%
 2015-11-12 13:01:31 [ communication thread:102013 ] - [ INFO ] reduce > reduce
 2015-11-12 13:01:31 [ main:102140 ] - [ INFO ]  map 100% reduce 87%
 2015-11-12 13:01:34 [ communication thread:105015 ] - [ INFO ] reduce > reduce
 2015-11-12 13:01:34 [ main:105158 ] - [ INFO ]  map 100% reduce 88%
 2015-11-12 13:01:37 [ communication thread:108017 ] - [ INFO ] reduce > reduce
 2015-11-12 13:01:40 [ communication thread:111030 ] - [ INFO ] reduce > reduce
 2015-11-12 13:01:40 [ main:111173 ] - [ INFO ]  map 100% reduce 89%
 2015-11-12 13:01:43 [ communication thread:114032 ] - [ INFO ] reduce > reduce
 2015-11-12 13:01:43 [ main:114186 ] - [ INFO ]  map 100% reduce 90%
 2015-11-12 13:01:46 [ communication thread:117033 ] - [ INFO ] reduce > reduce
 2015-11-12 13:01:46 [ main:117202 ] - [ INFO ]  map 100% reduce 91%
 2015-11-12 13:01:49 [ communication thread:120046 ] - [ INFO ] reduce > reduce
 2015-11-12 13:01:49 [ main:120204 ] - [ INFO ]  map 100% reduce 92%
 2015-11-12 13:01:52 [ communication thread:123048 ] - [ INFO ] reduce > reduce
 2015-11-12 13:01:55 [ communication thread:126061 ] - [ INFO ] reduce > reduce
 2015-11-12 13:01:55 [ main:126235 ] - [ INFO ]  map 100% reduce 93%
 2015-11-12 13:01:58 [ communication thread:129063 ] - [ INFO ] reduce > reduce
 2015-11-12 13:01:58 [ main:129237 ] - [ INFO ]  map 100% reduce 94%
 2015-11-12 13:02:01 [ Thread-4:131831 ] - [ INFO ] Task:attempt_local579036404_0001_r_000000_0 is done. And is in the process of committing
 2015-11-12 13:02:01 [ Thread-4:131844 ] - [ INFO ] reduce > reduce
 2015-11-12 13:02:01 [ Thread-4:131844 ] - [ INFO ] Task attempt_local579036404_0001_r_000000_0 is allowed to commit now
 2015-11-12 13:02:01 [ Thread-4:131844 ] - [ INFO ] Saved output of task 'attempt_local579036404_0001_r_000000_0' to file:/cucrz/output/all/1302/20151003/_temporary/0/task_local579036404_0001_r_000000
 2015-11-12 13:02:01 [ Thread-4:131844 ] - [ INFO ] reduce > reduce
 2015-11-12 13:02:01 [ Thread-4:131844 ] - [ INFO ] Task 'attempt_local579036404_0001_r_000000_0' done.
 2015-11-12 13:02:01 [ main:132266 ] - [ INFO ]  map 100% reduce 100%
 2015-11-12 13:02:01 [ main:132266 ] - [ INFO ] Job job_local579036404_0001 completed successfully
 2015-11-12 13:02:01 [ main:132266 ] - [ INFO ] Counters: 45
	File System Counters
		FILE: Number of bytes read=290881006
		FILE: Number of bytes written=861758207
		FILE: Number of read operations=0
		FILE: Number of large read operations=0
		FILE: Number of write operations=0
	Map-Reduce Framework
		Map input records=450415
		Map output records=530098
		Map output bytes=64191193
		Map output materialized bytes=65356636
		Input split bytes=843
		Combine input records=0
		Combine output records=0
		Reduce input groups=105443
		Reduce shuffle bytes=0
		Reduce input records=530098
		Reduce output records=0
		Spilled Records=1060196
		Shuffled Maps =0
		Failed Shuffles=0
		Merged Map outputs=0
		GC time elapsed (ms)=1144
		CPU time spent (ms)=0
		Physical memory (bytes) snapshot=0
		Virtual memory (bytes) snapshot=0
		Total committed heap usage (bytes)=2045771776
	map
		TotleRows=450415
		mapDateIdError=16310
		mapFmtError=20417
		mapOutputRows=429998
		mapParamError=23594
	File Input Format Counters 
		Bytes Read=0
	File Output Format Counters 
		Bytes Written=8
	reduce
		EmptyChannel=2
		LoseEmptyChannel=2
		LoseHeartBeat=37072
		MergeLosedRows=17138
		OCEvent=113385
		SampleUser=0
		TotalUser=105440
		WrongRows=20417
		addOCInput=648819
		newChannel=464
		newCloumn=79219
		newUser=0
		reduceInput=429998
 